Dactron Signal Analysis System

Signal Analysis and Waveform Source Run Log	15:11:34, Friday, December 12, 2025

ENTRY TIME	SOURCE	DESCRIPTION
  		  	  
15:12:09, Dec 12, 25	User Command	Stop the Test
16:25:44, Feb 23, 26	User Command	Stop DA output
16:25:44, Feb 23, 26	User Command	Reset the Hardware
16:29:42, Feb 23, 26	User Command	Stop DA output
16:29:42, Feb 23, 26	User Command	Reset the Hardware
14:30:21, Feb 25, 26	User Command	Stop DA output
14:30:21, Feb 25, 26	User Command	Reset the Hardware
14:32:09, Feb 25, 26	User Command	Stop DA output
14:32:09, Feb 25, 26	User Command	Reset the Hardware
14:50:21, Feb 25, 26	User Command	Stop DA output
14:50:21, Feb 25, 26	User Command	Reset the Hardware
14:50:32, Feb 25, 26	User Command	Stop DA output
14:50:32, Feb 25, 26	User Command	Reset the Hardware
14:50:35, Feb 25, 26	User Command	Stop DA output
14:50:35, Feb 25, 26	User Command	Reset the Hardware
09:44:02, Mar 13, 26	User Command	Stop DA output
09:44:02, Mar 13, 26	User Command	Reset the Hardware
13:46:26, Apr 06, 26	User Command	Stop DA output
13:46:26, Apr 06, 26	User Command	Reset the Hardware
