Dactron Signal Analysis System

Signal Analysis and Waveform Source Run Log	16:10:51, Tuesday, January 15, 2019

ENTRY TIME	SOURCE	DESCRIPTION
  		  	  
16:10:51, Jan 15, 19	User Command	Stop DA output
16:10:51, Jan 15, 19	User Command	Reset the Hardware
15:21:38, Jan 22, 19	User Command	Stop the Test
15:22:26, Jan 22, 19	User Command	Change wave form data
10:56:22, Jan 28, 19	User Command	Stop the Test
11:00:38, Jan 28, 19	User Command	Stop the Test
11:01:32, Jan 28, 19	User Command	Stop the Test
11:10:58, Jan 28, 19	User Command	Stop the Test
11:12:47, Jan 28, 19	User Command	Stop the Test
11:13:47, Jan 28, 19	User Command	Stop the Test
11:15:25, Jan 28, 19	User Command	Stop the Test
11:37:48, Jan 28, 19	User Command	Stop DA output
11:37:48, Jan 28, 19	User Command	Reset the Hardware
10:25:28, Feb 11, 19	User Command	Stop the Test
10:28:16, Feb 11, 19	User Command	Stop the Test
10:29:00, Feb 11, 19	User Command	Stop the Test
14:01:19, Feb 25, 19	User Command	Stop the Test
