Dactron Signal Analysis System

Signal Analysis and Waveform Source Run Log	15:57:39, Friday, December 12, 2025

ENTRY TIME	SOURCE	DESCRIPTION
  		  	  
15:58:24, Dec 12, 25	User Command	Stop the Test
14:40:26, Feb 25, 26	User Command	Stop DA output
14:40:26, Feb 25, 26	User Command	Reset the Hardware
14:41:57, Feb 25, 26	User Command	Stop DA output
14:41:57, Feb 25, 26	User Command	Reset the Hardware
14:42:02, Feb 25, 26	User Command	Stop DA output
14:42:02, Feb 25, 26	User Command	Reset the Hardware
14:42:15, Feb 25, 26	User Command	Stop DA output
14:42:15, Feb 25, 26	User Command	Reset the Hardware
14:44:51, Feb 25, 26	User Command	Stop DA output
14:44:51, Feb 25, 26	User Command	Reset the Hardware
14:44:57, Feb 25, 26	User Command	Stop DA output
14:44:57, Feb 25, 26	User Command	Reset the Hardware
14:50:07, Feb 25, 26	User Command	Stop DA output
14:50:07, Feb 25, 26	User Command	Reset the Hardware
09:55:01, Mar 13, 26	User Command	Stop DA output
09:55:01, Mar 13, 26	User Command	Reset the Hardware
09:56:25, Mar 13, 26	User Command	Stop DA output
09:56:25, Mar 13, 26	User Command	Reset the Hardware
13:50:02, Apr 06, 26	User Command	Stop DA output
13:50:02, Apr 06, 26	User Command	Reset the Hardware
13:51:34, Apr 06, 26	User Command	Stop DA output
13:51:34, Apr 06, 26	User Command	Reset the Hardware
