Dactron Signal Analysis System

Signal Analysis and Waveform Source Run Log	12:12:06, Thursday, December 18, 2025

ENTRY TIME	SOURCE	DESCRIPTION
  		  	  
12:13:04, Dec 18, 25	User Command	Stop the Test
12:14:44, Dec 18, 25	User Command	Stop DA output
12:14:44, Dec 18, 25	User Command	Reset the Hardware
11:23:02, Dec 24, 25	User Command	Stop the Test
11:24:19, Dec 24, 25	User Command	Stop the Test
11:24:56, Dec 24, 25	User Command	Stop the Test
11:26:13, Dec 24, 25	User Command	Stop the Test
11:28:03, Dec 24, 25	User Command	Stop the Test
12:21:00, Dec 24, 25	User Command	Stop DA output
12:21:00, Dec 24, 25	User Command	Reset the Hardware
16:05:26, Feb 23, 26	User Command	Stop DA output
16:05:26, Feb 23, 26	User Command	Reset the Hardware
16:18:47, Feb 23, 26	User Command	Stop DA output
16:18:47, Feb 23, 26	User Command	Reset the Hardware
16:23:48, Feb 23, 26	User Command	Stop DA output
16:23:48, Feb 23, 26	User Command	Reset the Hardware
14:23:41, Feb 25, 26	User Command	Stop DA output
14:23:41, Feb 25, 26	User Command	Reset the Hardware
14:25:33, Feb 25, 26	User Command	Stop DA output
14:25:33, Feb 25, 26	User Command	Reset the Hardware
14:26:58, Feb 25, 26	User Command	Stop DA output
14:26:58, Feb 25, 26	User Command	Reset the Hardware
14:30:33, Feb 25, 26	User Command	Stop DA output
14:30:33, Feb 25, 26	User Command	Reset the Hardware
14:32:23, Feb 25, 26	User Command	Stop DA output
14:32:23, Feb 25, 26	User Command	Reset the Hardware
14:32:51, Mar 12, 26	User Command	Stop DA output
14:32:51, Mar 12, 26	User Command	Reset the Hardware
13:44:40, Apr 06, 26	User Command	Stop DA output
13:44:40, Apr 06, 26	User Command	Reset the Hardware
