Dactron Signal Analysis System

Signal Analysis and Waveform Source Run Log	15:46:58, Friday, December 12, 2025

ENTRY TIME	SOURCE	DESCRIPTION
  		  	  
15:47:40, Dec 12, 25	User Command	Stop the Test
16:27:52, Feb 23, 26	User Command	Stop DA output
16:27:52, Feb 23, 26	User Command	Reset the Hardware
16:28:39, Feb 23, 26	User Command	Stop DA output
16:28:39, Feb 23, 26	User Command	Reset the Hardware
14:31:54, Feb 25, 26	User Command	Stop DA output
14:31:54, Feb 25, 26	User Command	Reset the Hardware
14:32:05, Feb 25, 26	User Command	Stop DA output
14:32:05, Feb 25, 26	User Command	Reset the Hardware
14:32:19, Feb 25, 26	User Command	Stop DA output
14:32:19, Feb 25, 26	User Command	Reset the Hardware
14:39:08, Feb 25, 26	User Command	Stop DA output
14:39:08, Feb 25, 26	User Command	Reset the Hardware
14:39:27, Feb 25, 26	User Command	Stop DA output
14:39:27, Feb 25, 26	User Command	Reset the Hardware
14:39:46, Feb 25, 26	User Command	Stop DA output
14:39:46, Feb 25, 26	User Command	Reset the Hardware
14:39:50, Feb 25, 26	User Command	Stop DA output
14:39:50, Feb 25, 26	User Command	Reset the Hardware
14:40:11, Feb 25, 26	User Command	Stop DA output
14:40:11, Feb 25, 26	User Command	Reset the Hardware
14:41:54, Feb 25, 26	User Command	Stop DA output
14:41:54, Feb 25, 26	User Command	Reset the Hardware
14:41:59, Feb 25, 26	User Command	Stop DA output
14:41:59, Feb 25, 26	User Command	Reset the Hardware
14:42:13, Feb 25, 26	User Command	Stop DA output
14:42:13, Feb 25, 26	User Command	Reset the Hardware
14:42:29, Feb 25, 26	User Command	Stop DA output
14:42:29, Feb 25, 26	User Command	Reset the Hardware
14:42:33, Feb 25, 26	User Command	Stop DA output
14:42:33, Feb 25, 26	User Command	Reset the Hardware
14:42:37, Feb 25, 26	User Command	Stop DA output
14:42:37, Feb 25, 26	User Command	Reset the Hardware
14:48:43, Feb 25, 26	User Command	Stop DA output
14:48:43, Feb 25, 26	User Command	Reset the Hardware
14:50:17, Feb 25, 26	User Command	Stop DA output
14:50:17, Feb 25, 26	User Command	Reset the Hardware
09:46:27, Mar 13, 26	User Command	Stop DA output
09:46:27, Mar 13, 26	User Command	Reset the Hardware
13:48:29, Apr 06, 26	User Command	Stop DA output
13:48:29, Apr 06, 26	User Command	Reset the Hardware
